<?xml version="1.0" encoding="UTF-8"?>
<!-- Generated by org.testng.reporters.JUnitXMLReporter -->
<testsuite ignored="4" hostname="DFW22AAA081819" failures="2" tests="17" name="Test" time="22.734" errors="0" timestamp="2021-11-13T22:10:55 CST">
  <testcase classname="test.TabInterface" name="testPresenceOfTabElements" time="0.931">
    <skipped/>
  </testcase> <!-- testPresenceOfTabElements -->
  <testcase classname="test.TabInterface" name="testPresenceOfTabElements" time="0.151">
    <skipped/>
  </testcase> <!-- testPresenceOfTabElements -->
  <testcase classname="test.TabInterface" name="testPresenceOfTabElements" time="0.17">
    <skipped/>
  </testcase> <!-- testPresenceOfTabElements -->
  <testcase classname="test.TabInterface" name="testPresenceOfTabElements" time="0.086">
    <failure type="java.lang.AssertionError" message="expected [true] but found [false]">
      <![CDATA[java.lang.AssertionError: expected [true] but found [false]
at test.TabInterface.testPresenceOfTabElements(TabInterface.java:20)
at java.base/java.util.ArrayList.forEach(ArrayList.java:1541)
... Removed 31 stack frames]]>
    </failure>
  </testcase> <!-- testPresenceOfTabElements -->
  <testcase classname="test.HomePageTest" name="testTitle" time="0.012"/>
  <testcase classname="test.HomePageTest" name="testSearchBox" time="5.787"/>
  <testcase classname="test.SearchResultPageTest" name="testHeading" time="0.121"/>
  <testcase classname="test.TabInterface" name="testPresenceOfTabElements" time="0.07">
    <skipped/>
  </testcase> <!-- testPresenceOfTabElements -->
  <testcase classname="test.TabInterface" name="testPresenceOfTabElements" time="0.041">
    <skipped/>
  </testcase> <!-- testPresenceOfTabElements -->
  <testcase classname="test.TabInterface" name="testPresenceOfTabElements" time="0.115">
    <skipped/>
  </testcase> <!-- testPresenceOfTabElements -->
  <testcase classname="test.TabInterface" name="testPresenceOfTabElements" time="0.091">
    <failure type="java.lang.AssertionError" message="expected [true] but found [false]">
      <![CDATA[java.lang.AssertionError: expected [true] but found [false]
at test.TabInterface.testPresenceOfTabElements(TabInterface.java:20)
at java.base/java.util.ArrayList.forEach(ArrayList.java:1541)
... Removed 31 stack frames]]>
    </failure>
  </testcase> <!-- testPresenceOfTabElements -->
  <testcase classname="test.SearchResultPageTest" name="testSearchResultNotNull" time="0.015"/>
  <testcase classname="test.SearchResultPageTest" name="testTitle" time="0.016"/>
  <testcase classname="test.SearchResultPageTest" name="searchMultipleProducts" time="0.216"/>
  <testcase classname="test.SearchResultPageTest" name="searchMultipleProducts" time="0.263"/>
  <testcase classname="test.SearchResultPageTest" name="searchMultipleProducts" time="0.597"/>
  <testcase classname="test.SearchResultPageTest" name="searchMultipleProducts" time="0.215"/>
  <testcase classname="base.Base" name="@AfterTest tearDown" time="0.0">
    <ignored/>
  </testcase> <!-- @AfterTest tearDown -->
  <testcase classname="base.Base" name="@AfterSuite writeToReport" time="0.0">
    <ignored/>
  </testcase> <!-- @AfterSuite writeToReport -->
  <testcase classname="base.Base" name="@BeforeSuite setReports" time="0.0">
    <ignored/>
  </testcase> <!-- @BeforeSuite setReports -->
  <testcase classname="base.Base" name="@BeforeTest init" time="0.0">
    <ignored/>
  </testcase> <!-- @BeforeTest init -->
</testsuite> <!-- Test -->
